<?xml version="1.0" encoding="UTF-8"?>
<testsuite xmlns:xsi="http://www.w3.org/2001/XMLSchema-instance" xsi:noNamespaceSchemaLocation="https://maven.apache.org/surefire/maven-surefire-plugin/xsd/surefire-test-report-3.0.xsd" version="3.0" name="com.example.demo.demo_backend.DemoBackendApplicationTests" time="11.193" tests="1" errors="0" skipped="0" failures="0">
  <properties>
    <property name="java.specification.version" value="17"/>
    <property name="sun.jnu.encoding" value="UTF-8"/>
    <property name="java.class.path" value="/home/kevin/Documentos/Ing Software/BACKPROYECTO/BackEndVirtualVaultProyect/demo_backend/target/test-classes:/home/kevin/Documentos/Ing Software/BACKPROYECTO/BackEndVirtualVaultProyect/demo_backend/target/classes:/home/kevin/.m2/repository/org/springframework/boot/spring-boot-starter-data-jpa/3.3.0/spring-boot-starter-data-jpa-3.3.0.jar:/home/kevin/.m2/repository/org/springframework/boot/spring-boot-starter-aop/3.3.0/spring-boot-starter-aop-3.3.0.jar:/home/kevin/.m2/repository/org/aspectj/aspectjweaver/1.9.22/aspectjweaver-1.9.22.jar:/home/kevin/.m2/repository/org/springframework/boot/spring-boot-starter-jdbc/3.3.0/spring-boot-starter-jdbc-3.3.0.jar:/home/kevin/.m2/repository/com/zaxxer/HikariCP/5.1.0/HikariCP-5.1.0.jar:/home/kevin/.m2/repository/org/springframework/spring-jdbc/6.1.8/spring-jdbc-6.1.8.jar:/home/kevin/.m2/repository/org/hibernate/orm/hibernate-core/6.5.2.Final/hibernate-core-6.5.2.Final.jar:/home/kevin/.m2/repository/jakarta/persistence/jakarta.persistence-api/3.1.0/jakarta.persistence-api-3.1.0.jar:/home/kevin/.m2/repository/jakarta/transaction/jakarta.transaction-api/2.0.1/jakarta.transaction-api-2.0.1.jar:/home/kevin/.m2/repository/org/jboss/logging/jboss-logging/3.5.3.Final/jboss-logging-3.5.3.Final.jar:/home/kevin/.m2/repository/org/hibernate/common/hibernate-commons-annotations/6.0.6.Final/hibernate-commons-annotations-6.0.6.Final.jar:/home/kevin/.m2/repository/io/smallrye/jandex/3.1.2/jandex-3.1.2.jar:/home/kevin/.m2/repository/com/fasterxml/classmate/1.7.0/classmate-1.7.0.jar:/home/kevin/.m2/repository/net/bytebuddy/byte-buddy/1.14.16/byte-buddy-1.14.16.jar:/home/kevin/.m2/repository/org/glassfish/jaxb/jaxb-runtime/4.0.5/jaxb-runtime-4.0.5.jar:/home/kevin/.m2/repository/org/glassfish/jaxb/jaxb-core/4.0.5/jaxb-core-4.0.5.jar:/home/kevin/.m2/repository/org/eclipse/angus/angus-activation/2.0.2/angus-activation-2.0.2.jar:/home/kevin/.m2/repository/org/glassfish/jaxb/txw2/4.0.5/txw2-4.0.5.jar:/home/kevin/.m2/repository/com/sun/istack/istack-commons-runtime/4.1.2/istack-commons-runtime-4.1.2.jar:/home/kevin/.m2/repository/jakarta/inject/jakarta.inject-api/2.0.1/jakarta.inject-api-2.0.1.jar:/home/kevin/.m2/repository/org/antlr/antlr4-runtime/4.13.0/antlr4-runtime-4.13.0.jar:/home/kevin/.m2/repository/org/springframework/data/spring-data-jpa/3.3.0/spring-data-jpa-3.3.0.jar:/home/kevin/.m2/repository/org/springframework/data/spring-data-commons/3.3.0/spring-data-commons-3.3.0.jar:/home/kevin/.m2/repository/org/springframework/spring-orm/6.1.8/spring-orm-6.1.8.jar:/home/kevin/.m2/repository/org/springframework/spring-context/6.1.8/spring-context-6.1.8.jar:/home/kevin/.m2/repository/org/springframework/spring-tx/6.1.8/spring-tx-6.1.8.jar:/home/kevin/.m2/repository/org/springframework/spring-beans/6.1.8/spring-beans-6.1.8.jar:/home/kevin/.m2/repository/jakarta/annotation/jakarta.annotation-api/2.1.1/jakarta.annotation-api-2.1.1.jar:/home/kevin/.m2/repository/org/slf4j/slf4j-api/2.0.13/slf4j-api-2.0.13.jar:/home/kevin/.m2/repository/org/springframework/spring-aspects/6.1.8/spring-aspects-6.1.8.jar:/home/kevin/.m2/repository/org/springframework/boot/spring-boot-starter-web/3.3.0/spring-boot-starter-web-3.3.0.jar:/home/kevin/.m2/repository/org/springframework/boot/spring-boot-starter/3.3.0/spring-boot-starter-3.3.0.jar:/home/kevin/.m2/repository/org/springframework/boot/spring-boot-starter-logging/3.3.0/spring-boot-starter-logging-3.3.0.jar:/home/kevin/.m2/repository/ch/qos/logback/logback-classic/1.5.6/logback-classic-1.5.6.jar:/home/kevin/.m2/repository/ch/qos/logback/logback-core/1.5.6/logback-core-1.5.6.jar:/home/kevin/.m2/repository/org/apache/logging/log4j/log4j-to-slf4j/2.23.1/log4j-to-slf4j-2.23.1.jar:/home/kevin/.m2/repository/org/apache/logging/log4j/log4j-api/2.23.1/log4j-api-2.23.1.jar:/home/kevin/.m2/repository/org/slf4j/jul-to-slf4j/2.0.13/jul-to-slf4j-2.0.13.jar:/home/kevin/.m2/repository/org/yaml/snakeyaml/2.2/snakeyaml-2.2.jar:/home/kevin/.m2/repository/org/springframework/boot/spring-boot-starter-json/3.3.0/spring-boot-starter-json-3.3.0.jar:/home/kevin/.m2/repository/com/fasterxml/jackson/core/jackson-databind/2.17.1/jackson-databind-2.17.1.jar:/home/kevin/.m2/repository/com/fasterxml/jackson/core/jackson-annotations/2.17.1/jackson-annotations-2.17.1.jar:/home/kevin/.m2/repository/com/fasterxml/jackson/core/jackson-core/2.17.1/jackson-core-2.17.1.jar:/home/kevin/.m2/repository/com/fasterxml/jackson/datatype/jackson-datatype-jdk8/2.17.1/jackson-datatype-jdk8-2.17.1.jar:/home/kevin/.m2/repository/com/fasterxml/jackson/datatype/jackson-datatype-jsr310/2.17.1/jackson-datatype-jsr310-2.17.1.jar:/home/kevin/.m2/repository/com/fasterxml/jackson/module/jackson-module-parameter-names/2.17.1/jackson-module-parameter-names-2.17.1.jar:/home/kevin/.m2/repository/org/springframework/boot/spring-boot-starter-tomcat/3.3.0/spring-boot-starter-tomcat-3.3.0.jar:/home/kevin/.m2/repository/org/apache/tomcat/embed/tomcat-embed-core/10.1.24/tomcat-embed-core-10.1.24.jar:/home/kevin/.m2/repository/org/apache/tomcat/embed/tomcat-embed-el/10.1.24/tomcat-embed-el-10.1.24.jar:/home/kevin/.m2/repository/org/apache/tomcat/embed/tomcat-embed-websocket/10.1.24/tomcat-embed-websocket-10.1.24.jar:/home/kevin/.m2/repository/org/springframework/spring-web/6.1.8/spring-web-6.1.8.jar:/home/kevin/.m2/repository/io/micrometer/micrometer-observation/1.13.0/micrometer-observation-1.13.0.jar:/home/kevin/.m2/repository/io/micrometer/micrometer-commons/1.13.0/micrometer-commons-1.13.0.jar:/home/kevin/.m2/repository/org/springframework/spring-webmvc/6.1.8/spring-webmvc-6.1.8.jar:/home/kevin/.m2/repository/org/springframework/spring-expression/6.1.8/spring-expression-6.1.8.jar:/home/kevin/.m2/repository/org/springframework/boot/spring-boot-devtools/3.3.0/spring-boot-devtools-3.3.0.jar:/home/kevin/.m2/repository/org/springframework/boot/spring-boot/3.3.0/spring-boot-3.3.0.jar:/home/kevin/.m2/repository/org/springframework/boot/spring-boot-autoconfigure/3.3.0/spring-boot-autoconfigure-3.3.0.jar:/home/kevin/.m2/repository/org/postgresql/postgresql/42.7.3/postgresql-42.7.3.jar:/home/kevin/.m2/repository/org/checkerframework/checker-qual/3.42.0/checker-qual-3.42.0.jar:/home/kevin/.m2/repository/org/projectlombok/lombok/1.18.32/lombok-1.18.32.jar:/home/kevin/.m2/repository/org/springframework/boot/spring-boot-starter-test/3.3.0/spring-boot-starter-test-3.3.0.jar:/home/kevin/.m2/repository/org/springframework/boot/spring-boot-test/3.3.0/spring-boot-test-3.3.0.jar:/home/kevin/.m2/repository/org/springframework/boot/spring-boot-test-autoconfigure/3.3.0/spring-boot-test-autoconfigure-3.3.0.jar:/home/kevin/.m2/repository/com/jayway/jsonpath/json-path/2.9.0/json-path-2.9.0.jar:/home/kevin/.m2/repository/jakarta/xml/bind/jakarta.xml.bind-api/4.0.2/jakarta.xml.bind-api-4.0.2.jar:/home/kevin/.m2/repository/jakarta/activation/jakarta.activation-api/2.1.3/jakarta.activation-api-2.1.3.jar:/home/kevin/.m2/repository/net/minidev/json-smart/2.5.1/json-smart-2.5.1.jar:/home/kevin/.m2/repository/net/minidev/accessors-smart/2.5.1/accessors-smart-2.5.1.jar:/home/kevin/.m2/repository/org/ow2/asm/asm/9.6/asm-9.6.jar:/home/kevin/.m2/repository/org/assertj/assertj-core/3.25.3/assertj-core-3.25.3.jar:/home/kevin/.m2/repository/org/awaitility/awaitility/4.2.1/awaitility-4.2.1.jar:/home/kevin/.m2/repository/org/hamcrest/hamcrest/2.2/hamcrest-2.2.jar:/home/kevin/.m2/repository/org/junit/jupiter/junit-jupiter/5.10.2/junit-jupiter-5.10.2.jar:/home/kevin/.m2/repository/org/junit/jupiter/junit-jupiter-api/5.10.2/junit-jupiter-api-5.10.2.jar:/home/kevin/.m2/repository/org/opentest4j/opentest4j/1.3.0/opentest4j-1.3.0.jar:/home/kevin/.m2/repository/org/junit/platform/junit-platform-commons/1.10.2/junit-platform-commons-1.10.2.jar:/home/kevin/.m2/repository/org/apiguardian/apiguardian-api/1.1.2/apiguardian-api-1.1.2.jar:/home/kevin/.m2/repository/org/junit/jupiter/junit-jupiter-params/5.10.2/junit-jupiter-params-5.10.2.jar:/home/kevin/.m2/repository/org/junit/jupiter/junit-jupiter-engine/5.10.2/junit-jupiter-engine-5.10.2.jar:/home/kevin/.m2/repository/org/junit/platform/junit-platform-engine/1.10.2/junit-platform-engine-1.10.2.jar:/home/kevin/.m2/repository/org/mockito/mockito-core/5.11.0/mockito-core-5.11.0.jar:/home/kevin/.m2/repository/net/bytebuddy/byte-buddy-agent/1.14.16/byte-buddy-agent-1.14.16.jar:/home/kevin/.m2/repository/org/objenesis/objenesis/3.3/objenesis-3.3.jar:/home/kevin/.m2/repository/org/mockito/mockito-junit-jupiter/5.11.0/mockito-junit-jupiter-5.11.0.jar:/home/kevin/.m2/repository/org/skyscreamer/jsonassert/1.5.1/jsonassert-1.5.1.jar:/home/kevin/.m2/repository/com/vaadin/external/google/android-json/0.0.20131108.vaadin1/android-json-0.0.20131108.vaadin1.jar:/home/kevin/.m2/repository/org/springframework/spring-core/6.1.8/spring-core-6.1.8.jar:/home/kevin/.m2/repository/org/springframework/spring-jcl/6.1.8/spring-jcl-6.1.8.jar:/home/kevin/.m2/repository/org/springframework/spring-test/6.1.8/spring-test-6.1.8.jar:/home/kevin/.m2/repository/org/xmlunit/xmlunit-core/2.9.1/xmlunit-core-2.9.1.jar:/home/kevin/.m2/repository/org/springframework/boot/spring-boot-starter-security/3.3.0/spring-boot-starter-security-3.3.0.jar:/home/kevin/.m2/repository/org/springframework/spring-aop/6.1.8/spring-aop-6.1.8.jar:/home/kevin/.m2/repository/org/springframework/security/spring-security-config/6.3.0/spring-security-config-6.3.0.jar:/home/kevin/.m2/repository/org/springframework/security/spring-security-web/6.3.0/spring-security-web-6.3.0.jar:/home/kevin/.m2/repository/org/springframework/security/spring-security-test/6.3.0/spring-security-test-6.3.0.jar:/home/kevin/.m2/repository/org/springframework/security/spring-security-core/6.3.0/spring-security-core-6.3.0.jar:/home/kevin/.m2/repository/org/springframework/security/spring-security-crypto/6.3.0/spring-security-crypto-6.3.0.jar:"/>
    <property name="java.vm.vendor" value="Ubuntu"/>
    <property name="sun.arch.data.model" value="64"/>
    <property name="java.vendor.url" value="https://ubuntu.com/"/>
    <property name="user.timezone" value="America/Bogota"/>
    <property name="org.jboss.logging.provider" value="slf4j"/>
    <property name="os.name" value="Linux"/>
    <property name="java.vm.specification.version" value="17"/>
    <property name="sun.java.launcher" value="SUN_STANDARD"/>
    <property name="user.country" value="ES"/>
    <property name="sun.boot.library.path" value="/usr/lib/jvm/java-17-openjdk-amd64/lib"/>
    <property name="sun.java.command" value="/home/kevin/Documentos/Ing Software/BACKPROYECTO/BackEndVirtualVaultProyect/demo_backend/target/surefire/surefirebooter-20241201211047076_3.jar /home/kevin/Documentos/Ing Software/BACKPROYECTO/BackEndVirtualVaultProyect/demo_backend/target/surefire 2024-12-01T21-10-46_809-jvmRun1 surefire-20241201211047076_1tmp surefire_0-20241201211047076_2tmp"/>
    <property name="jdk.debug" value="release"/>
    <property name="surefire.test.class.path" value="/home/kevin/Documentos/Ing Software/BACKPROYECTO/BackEndVirtualVaultProyect/demo_backend/target/test-classes:/home/kevin/Documentos/Ing Software/BACKPROYECTO/BackEndVirtualVaultProyect/demo_backend/target/classes:/home/kevin/.m2/repository/org/springframework/boot/spring-boot-starter-data-jpa/3.3.0/spring-boot-starter-data-jpa-3.3.0.jar:/home/kevin/.m2/repository/org/springframework/boot/spring-boot-starter-aop/3.3.0/spring-boot-starter-aop-3.3.0.jar:/home/kevin/.m2/repository/org/aspectj/aspectjweaver/1.9.22/aspectjweaver-1.9.22.jar:/home/kevin/.m2/repository/org/springframework/boot/spring-boot-starter-jdbc/3.3.0/spring-boot-starter-jdbc-3.3.0.jar:/home/kevin/.m2/repository/com/zaxxer/HikariCP/5.1.0/HikariCP-5.1.0.jar:/home/kevin/.m2/repository/org/springframework/spring-jdbc/6.1.8/spring-jdbc-6.1.8.jar:/home/kevin/.m2/repository/org/hibernate/orm/hibernate-core/6.5.2.Final/hibernate-core-6.5.2.Final.jar:/home/kevin/.m2/repository/jakarta/persistence/jakarta.persistence-api/3.1.0/jakarta.persistence-api-3.1.0.jar:/home/kevin/.m2/repository/jakarta/transaction/jakarta.transaction-api/2.0.1/jakarta.transaction-api-2.0.1.jar:/home/kevin/.m2/repository/org/jboss/logging/jboss-logging/3.5.3.Final/jboss-logging-3.5.3.Final.jar:/home/kevin/.m2/repository/org/hibernate/common/hibernate-commons-annotations/6.0.6.Final/hibernate-commons-annotations-6.0.6.Final.jar:/home/kevin/.m2/repository/io/smallrye/jandex/3.1.2/jandex-3.1.2.jar:/home/kevin/.m2/repository/com/fasterxml/classmate/1.7.0/classmate-1.7.0.jar:/home/kevin/.m2/repository/net/bytebuddy/byte-buddy/1.14.16/byte-buddy-1.14.16.jar:/home/kevin/.m2/repository/org/glassfish/jaxb/jaxb-runtime/4.0.5/jaxb-runtime-4.0.5.jar:/home/kevin/.m2/repository/org/glassfish/jaxb/jaxb-core/4.0.5/jaxb-core-4.0.5.jar:/home/kevin/.m2/repository/org/eclipse/angus/angus-activation/2.0.2/angus-activation-2.0.2.jar:/home/kevin/.m2/repository/org/glassfish/jaxb/txw2/4.0.5/txw2-4.0.5.jar:/home/kevin/.m2/repository/com/sun/istack/istack-commons-runtime/4.1.2/istack-commons-runtime-4.1.2.jar:/home/kevin/.m2/repository/jakarta/inject/jakarta.inject-api/2.0.1/jakarta.inject-api-2.0.1.jar:/home/kevin/.m2/repository/org/antlr/antlr4-runtime/4.13.0/antlr4-runtime-4.13.0.jar:/home/kevin/.m2/repository/org/springframework/data/spring-data-jpa/3.3.0/spring-data-jpa-3.3.0.jar:/home/kevin/.m2/repository/org/springframework/data/spring-data-commons/3.3.0/spring-data-commons-3.3.0.jar:/home/kevin/.m2/repository/org/springframework/spring-orm/6.1.8/spring-orm-6.1.8.jar:/home/kevin/.m2/repository/org/springframework/spring-context/6.1.8/spring-context-6.1.8.jar:/home/kevin/.m2/repository/org/springframework/spring-tx/6.1.8/spring-tx-6.1.8.jar:/home/kevin/.m2/repository/org/springframework/spring-beans/6.1.8/spring-beans-6.1.8.jar:/home/kevin/.m2/repository/jakarta/annotation/jakarta.annotation-api/2.1.1/jakarta.annotation-api-2.1.1.jar:/home/kevin/.m2/repository/org/slf4j/slf4j-api/2.0.13/slf4j-api-2.0.13.jar:/home/kevin/.m2/repository/org/springframework/spring-aspects/6.1.8/spring-aspects-6.1.8.jar:/home/kevin/.m2/repository/org/springframework/boot/spring-boot-starter-web/3.3.0/spring-boot-starter-web-3.3.0.jar:/home/kevin/.m2/repository/org/springframework/boot/spring-boot-starter/3.3.0/spring-boot-starter-3.3.0.jar:/home/kevin/.m2/repository/org/springframework/boot/spring-boot-starter-logging/3.3.0/spring-boot-starter-logging-3.3.0.jar:/home/kevin/.m2/repository/ch/qos/logback/logback-classic/1.5.6/logback-classic-1.5.6.jar:/home/kevin/.m2/repository/ch/qos/logback/logback-core/1.5.6/logback-core-1.5.6.jar:/home/kevin/.m2/repository/org/apache/logging/log4j/log4j-to-slf4j/2.23.1/log4j-to-slf4j-2.23.1.jar:/home/kevin/.m2/repository/org/apache/logging/log4j/log4j-api/2.23.1/log4j-api-2.23.1.jar:/home/kevin/.m2/repository/org/slf4j/jul-to-slf4j/2.0.13/jul-to-slf4j-2.0.13.jar:/home/kevin/.m2/repository/org/yaml/snakeyaml/2.2/snakeyaml-2.2.jar:/home/kevin/.m2/repository/org/springframework/boot/spring-boot-starter-json/3.3.0/spring-boot-starter-json-3.3.0.jar:/home/kevin/.m2/repository/com/fasterxml/jackson/core/jackson-databind/2.17.1/jackson-databind-2.17.1.jar:/home/kevin/.m2/repository/com/fasterxml/jackson/core/jackson-annotations/2.17.1/jackson-annotations-2.17.1.jar:/home/kevin/.m2/repository/com/fasterxml/jackson/core/jackson-core/2.17.1/jackson-core-2.17.1.jar:/home/kevin/.m2/repository/com/fasterxml/jackson/datatype/jackson-datatype-jdk8/2.17.1/jackson-datatype-jdk8-2.17.1.jar:/home/kevin/.m2/repository/com/fasterxml/jackson/datatype/jackson-datatype-jsr310/2.17.1/jackson-datatype-jsr310-2.17.1.jar:/home/kevin/.m2/repository/com/fasterxml/jackson/module/jackson-module-parameter-names/2.17.1/jackson-module-parameter-names-2.17.1.jar:/home/kevin/.m2/repository/org/springframework/boot/spring-boot-starter-tomcat/3.3.0/spring-boot-starter-tomcat-3.3.0.jar:/home/kevin/.m2/repository/org/apache/tomcat/embed/tomcat-embed-core/10.1.24/tomcat-embed-core-10.1.24.jar:/home/kevin/.m2/repository/org/apache/tomcat/embed/tomcat-embed-el/10.1.24/tomcat-embed-el-10.1.24.jar:/home/kevin/.m2/repository/org/apache/tomcat/embed/tomcat-embed-websocket/10.1.24/tomcat-embed-websocket-10.1.24.jar:/home/kevin/.m2/repository/org/springframework/spring-web/6.1.8/spring-web-6.1.8.jar:/home/kevin/.m2/repository/io/micrometer/micrometer-observation/1.13.0/micrometer-observation-1.13.0.jar:/home/kevin/.m2/repository/io/micrometer/micrometer-commons/1.13.0/micrometer-commons-1.13.0.jar:/home/kevin/.m2/repository/org/springframework/spring-webmvc/6.1.8/spring-webmvc-6.1.8.jar:/home/kevin/.m2/repository/org/springframework/spring-expression/6.1.8/spring-expression-6.1.8.jar:/home/kevin/.m2/repository/org/springframework/boot/spring-boot-devtools/3.3.0/spring-boot-devtools-3.3.0.jar:/home/kevin/.m2/repository/org/springframework/boot/spring-boot/3.3.0/spring-boot-3.3.0.jar:/home/kevin/.m2/repository/org/springframework/boot/spring-boot-autoconfigure/3.3.0/spring-boot-autoconfigure-3.3.0.jar:/home/kevin/.m2/repository/org/postgresql/postgresql/42.7.3/postgresql-42.7.3.jar:/home/kevin/.m2/repository/org/checkerframework/checker-qual/3.42.0/checker-qual-3.42.0.jar:/home/kevin/.m2/repository/org/projectlombok/lombok/1.18.32/lombok-1.18.32.jar:/home/kevin/.m2/repository/org/springframework/boot/spring-boot-starter-test/3.3.0/spring-boot-starter-test-3.3.0.jar:/home/kevin/.m2/repository/org/springframework/boot/spring-boot-test/3.3.0/spring-boot-test-3.3.0.jar:/home/kevin/.m2/repository/org/springframework/boot/spring-boot-test-autoconfigure/3.3.0/spring-boot-test-autoconfigure-3.3.0.jar:/home/kevin/.m2/repository/com/jayway/jsonpath/json-path/2.9.0/json-path-2.9.0.jar:/home/kevin/.m2/repository/jakarta/xml/bind/jakarta.xml.bind-api/4.0.2/jakarta.xml.bind-api-4.0.2.jar:/home/kevin/.m2/repository/jakarta/activation/jakarta.activation-api/2.1.3/jakarta.activation-api-2.1.3.jar:/home/kevin/.m2/repository/net/minidev/json-smart/2.5.1/json-smart-2.5.1.jar:/home/kevin/.m2/repository/net/minidev/accessors-smart/2.5.1/accessors-smart-2.5.1.jar:/home/kevin/.m2/repository/org/ow2/asm/asm/9.6/asm-9.6.jar:/home/kevin/.m2/repository/org/assertj/assertj-core/3.25.3/assertj-core-3.25.3.jar:/home/kevin/.m2/repository/org/awaitility/awaitility/4.2.1/awaitility-4.2.1.jar:/home/kevin/.m2/repository/org/hamcrest/hamcrest/2.2/hamcrest-2.2.jar:/home/kevin/.m2/repository/org/junit/jupiter/junit-jupiter/5.10.2/junit-jupiter-5.10.2.jar:/home/kevin/.m2/repository/org/junit/jupiter/junit-jupiter-api/5.10.2/junit-jupiter-api-5.10.2.jar:/home/kevin/.m2/repository/org/opentest4j/opentest4j/1.3.0/opentest4j-1.3.0.jar:/home/kevin/.m2/repository/org/junit/platform/junit-platform-commons/1.10.2/junit-platform-commons-1.10.2.jar:/home/kevin/.m2/repository/org/apiguardian/apiguardian-api/1.1.2/apiguardian-api-1.1.2.jar:/home/kevin/.m2/repository/org/junit/jupiter/junit-jupiter-params/5.10.2/junit-jupiter-params-5.10.2.jar:/home/kevin/.m2/repository/org/junit/jupiter/junit-jupiter-engine/5.10.2/junit-jupiter-engine-5.10.2.jar:/home/kevin/.m2/repository/org/junit/platform/junit-platform-engine/1.10.2/junit-platform-engine-1.10.2.jar:/home/kevin/.m2/repository/org/mockito/mockito-core/5.11.0/mockito-core-5.11.0.jar:/home/kevin/.m2/repository/net/bytebuddy/byte-buddy-agent/1.14.16/byte-buddy-agent-1.14.16.jar:/home/kevin/.m2/repository/org/objenesis/objenesis/3.3/objenesis-3.3.jar:/home/kevin/.m2/repository/org/mockito/mockito-junit-jupiter/5.11.0/mockito-junit-jupiter-5.11.0.jar:/home/kevin/.m2/repository/org/skyscreamer/jsonassert/1.5.1/jsonassert-1.5.1.jar:/home/kevin/.m2/repository/com/vaadin/external/google/android-json/0.0.20131108.vaadin1/android-json-0.0.20131108.vaadin1.jar:/home/kevin/.m2/repository/org/springframework/spring-core/6.1.8/spring-core-6.1.8.jar:/home/kevin/.m2/repository/org/springframework/spring-jcl/6.1.8/spring-jcl-6.1.8.jar:/home/kevin/.m2/repository/org/springframework/spring-test/6.1.8/spring-test-6.1.8.jar:/home/kevin/.m2/repository/org/xmlunit/xmlunit-core/2.9.1/xmlunit-core-2.9.1.jar:/home/kevin/.m2/repository/org/springframework/boot/spring-boot-starter-security/3.3.0/spring-boot-starter-security-3.3.0.jar:/home/kevin/.m2/repository/org/springframework/spring-aop/6.1.8/spring-aop-6.1.8.jar:/home/kevin/.m2/repository/org/springframework/security/spring-security-config/6.3.0/spring-security-config-6.3.0.jar:/home/kevin/.m2/repository/org/springframework/security/spring-security-web/6.3.0/spring-security-web-6.3.0.jar:/home/kevin/.m2/repository/org/springframework/security/spring-security-test/6.3.0/spring-security-test-6.3.0.jar:/home/kevin/.m2/repository/org/springframework/security/spring-security-core/6.3.0/spring-security-core-6.3.0.jar:/home/kevin/.m2/repository/org/springframework/security/spring-security-crypto/6.3.0/spring-security-crypto-6.3.0.jar:"/>
    <property name="sun.cpu.endian" value="little"/>
    <property name="user.home" value="/home/kevin"/>
    <property name="user.language" value="es"/>
    <property name="java.specification.vendor" value="Oracle Corporation"/>
    <property name="java.version.date" value="2024-10-15"/>
    <property name="java.home" value="/usr/lib/jvm/java-17-openjdk-amd64"/>
    <property name="file.separator" value="/"/>
    <property name="basedir" value="/home/kevin/Documentos/Ing Software/BACKPROYECTO/BackEndVirtualVaultProyect/demo_backend"/>
    <property name="java.vm.compressedOopsMode" value="Zero based"/>
    <property name="line.separator" value="&#10;"/>
    <property name="java.vm.specification.vendor" value="Oracle Corporation"/>
    <property name="java.specification.name" value="Java Platform API Specification"/>
    <property name="FILE_LOG_CHARSET" value="UTF-8"/>
    <property name="java.awt.headless" value="true"/>
    <property name="surefire.real.class.path" value="/home/kevin/Documentos/Ing Software/BACKPROYECTO/BackEndVirtualVaultProyect/demo_backend/target/surefire/surefirebooter-20241201211047076_3.jar"/>
    <property name="sun.management.compiler" value="HotSpot 64-Bit Tiered Compilers"/>
    <property name="java.runtime.version" value="17.0.13+11-Ubuntu-2ubuntu124.04"/>
    <property name="user.name" value="kevin"/>
    <property name="path.separator" value=":"/>
    <property name="os.version" value="6.8.0-49-generic"/>
    <property name="java.runtime.name" value="OpenJDK Runtime Environment"/>
    <property name="file.encoding" value="UTF-8"/>
    <property name="java.vm.name" value="OpenJDK 64-Bit Server VM"/>
    <property name="localRepository" value="/home/kevin/.m2/repository"/>
    <property name="java.vendor.url.bug" value="https://bugs.launchpad.net/ubuntu/+source/openjdk-17"/>
    <property name="java.io.tmpdir" value="/tmp"/>
    <property name="com.zaxxer.hikari.pool_number" value="1"/>
    <property name="java.version" value="17.0.13"/>
    <property name="user.dir" value="/home/kevin/Documentos/Ing Software/BACKPROYECTO/BackEndVirtualVaultProyect/demo_backend"/>
    <property name="os.arch" value="amd64"/>
    <property name="java.vm.specification.name" value="Java Virtual Machine Specification"/>
    <property name="PID" value="46653"/>
    <property name="CONSOLE_LOG_CHARSET" value="UTF-8"/>
    <property name="native.encoding" value="UTF-8"/>
    <property name="java.library.path" value="/usr/java/packages/lib:/usr/lib/x86_64-linux-gnu/jni:/lib/x86_64-linux-gnu:/usr/lib/x86_64-linux-gnu:/usr/lib/jni:/lib:/usr/lib"/>
    <property name="java.vm.info" value="mixed mode, sharing"/>
    <property name="java.vendor" value="Ubuntu"/>
    <property name="java.vm.version" value="17.0.13+11-Ubuntu-2ubuntu124.04"/>
    <property name="java.specification.maintenance.version" value="1"/>
    <property name="sun.io.unicode.encoding" value="UnicodeLittle"/>
    <property name="java.class.version" value="61.0"/>
    <property name="LOGGED_APPLICATION_NAME" value="[demo_backend] "/>
  </properties>
  <testcase name="contextLoads" classname="com.example.demo.demo_backend.DemoBackendApplicationTests" time="0.014">
    <system-out><![CDATA[21:10:51.554 [main] INFO org.springframework.test.context.support.AnnotationConfigContextLoaderUtils -- Could not detect default configuration classes for test class [com.example.demo.demo_backend.DemoBackendApplicationTests]: DemoBackendApplicationTests does not declare any static, non-private, non-final, nested classes annotated with @Configuration.
21:10:51.677 [main] INFO org.springframework.boot.test.context.SpringBootTestContextBootstrapper -- Found @SpringBootConfiguration com.example.demo.demo_backend.DemoBackendApplication for test class com.example.demo.demo_backend.DemoBackendApplicationTests
21:10:51.907 [main] INFO org.springframework.boot.devtools.restart.RestartApplicationListener -- Restart disabled due to context in which it is running
  .   ____          _            __ _ _
 /\\ / ___'_ __ _ _(_)_ __  __ _ \ \ \ \
( ( )\___ | '_ | '_| | '_ \/ _` | \ \ \ \
 \\/  ___)| |_)| | | | | || (_| |  ) ) ) )
  '  |____| .__|_| |_|_| |_\__, | / / / /
 =========|_|==============|___/=/_/_/_/

 :: Spring Boot ::                (v3.3.0)

2024-12-01T21:10:52.145-05:00  INFO 46653 --- [demo_backend] [           main] c.e.d.d.DemoBackendApplicationTests      : Starting DemoBackendApplicationTests using Java 17.0.13 with PID 46653 (started by kevin in /home/kevin/Documentos/Ing Software/BACKPROYECTO/BackEndVirtualVaultProyect/demo_backend)
2024-12-01T21:10:52.146-05:00  INFO 46653 --- [demo_backend] [           main] c.e.d.d.DemoBackendApplicationTests      : No active profile set, falling back to 1 default profile: "default"
2024-12-01T21:10:52.867-05:00  INFO 46653 --- [demo_backend] [           main] .s.d.r.c.RepositoryConfigurationDelegate : Bootstrapping Spring Data JPA repositories in DEFAULT mode.
2024-12-01T21:10:52.954-05:00  INFO 46653 --- [demo_backend] [           main] .s.d.r.c.RepositoryConfigurationDelegate : Finished Spring Data repository scanning in 81 ms. Found 9 JPA repository interfaces.
2024-12-01T21:10:53.445-05:00  INFO 46653 --- [demo_backend] [           main] o.hibernate.jpa.internal.util.LogHelper  : HHH000204: Processing PersistenceUnitInfo [name: default]
2024-12-01T21:10:53.487-05:00  INFO 46653 --- [demo_backend] [           main] org.hibernate.Version                    : HHH000412: Hibernate ORM core version 6.5.2.Final
2024-12-01T21:10:53.516-05:00  INFO 46653 --- [demo_backend] [           main] o.h.c.internal.RegionFactoryInitiator    : HHH000026: Second-level cache disabled
2024-12-01T21:10:53.629-05:00  INFO 46653 --- [demo_backend] [           main] o.s.o.j.p.SpringPersistenceUnitInfo      : No LoadTimeWeaver setup: ignoring JPA class transformer
2024-12-01T21:10:53.664-05:00  INFO 46653 --- [demo_backend] [           main] com.zaxxer.hikari.HikariDataSource       : HikariPool-1 - Starting...
2024-12-01T21:10:55.213-05:00  INFO 46653 --- [demo_backend] [           main] com.zaxxer.hikari.pool.HikariPool        : HikariPool-1 - Added connection org.postgresql.jdbc.PgConnection@75784062
2024-12-01T21:10:55.216-05:00  INFO 46653 --- [demo_backend] [           main] com.zaxxer.hikari.HikariDataSource       : HikariPool-1 - Start completed.
2024-12-01T21:10:55.453-05:00  WARN 46653 --- [demo_backend] [           main] org.hibernate.dialect.Dialect            : HHH000511: The 9.6.24 version for [org.hibernate.dialect.PostgreSQLDialect] is no longer supported, hence certain features may not work properly. The minimum supported version is 12.0.0. Check the community dialects project for available legacy versions.
2024-12-01T21:10:56.463-05:00  INFO 46653 --- [demo_backend] [           main] o.h.e.t.j.p.i.JtaPlatformInitiator       : HHH000489: No JTA platform available (set 'hibernate.transaction.jta.platform' to enable JTA platform integration)
2024-12-01T21:11:00.098-05:00  INFO 46653 --- [demo_backend] [           main] j.LocalContainerEntityManagerFactoryBean : Initialized JPA EntityManagerFactory for persistence unit 'default'
2024-12-01T21:11:00.409-05:00  INFO 46653 --- [demo_backend] [           main] o.s.d.j.r.query.QueryEnhancerFactory     : Hibernate is in classpath; If applicable, HQL parser will be used.
2024-12-01T21:11:01.037-05:00  WARN 46653 --- [demo_backend] [           main] JpaBaseConfiguration$JpaWebConfiguration : spring.jpa.open-in-view is enabled by default. Therefore, database queries may be performed during view rendering. Explicitly configure spring.jpa.open-in-view to disable this warning
2024-12-01T21:11:01.070-05:00  WARN 46653 --- [demo_backend] [           main] .s.s.UserDetailsServiceAutoConfiguration : 

Using generated security password: 4189c00b-76f0-47b9-8b34-883def025a05

This generated password is for development use only. Your security configuration must be updated before running your application in production.

2024-12-01T21:11:01.084-05:00  INFO 46653 --- [demo_backend] [           main] r$InitializeUserDetailsManagerConfigurer : Global AuthenticationManager configured with UserDetailsService bean with name inMemoryUserDetailsManager
2024-12-01T21:11:01.175-05:00  INFO 46653 --- [demo_backend] [           main] o.s.s.web.DefaultSecurityFilterChain     : Will secure any request with [org.springframework.security.web.session.DisableEncodeUrlFilter@285bee4e, org.springframework.security.web.context.request.async.WebAsyncManagerIntegrationFilter@d181ca3, org.springframework.security.web.context.SecurityContextHolderFilter@f5a1b27, org.springframework.security.web.header.HeaderWriterFilter@5441309e, org.springframework.web.filter.CorsFilter@52072c45, org.springframework.security.web.authentication.logout.LogoutFilter@68812b74, org.springframework.security.web.savedrequest.RequestCacheAwareFilter@1916d0eb, org.springframework.security.web.servletapi.SecurityContextHolderAwareRequestFilter@2aaa5122, org.springframework.security.web.authentication.AnonymousAuthenticationFilter@78b9d614, org.springframework.security.web.access.ExceptionTranslationFilter@12f12982, org.springframework.security.web.access.intercept.FilterSecurityInterceptor@33e7ece5]
2024-12-01T21:11:01.669-05:00  INFO 46653 --- [demo_backend] [           main] c.e.d.d.DemoBackendApplicationTests      : Started DemoBackendApplicationTests in 9.771 seconds (process running for 14.295)
]]></system-out>
  </testcase>
</testsuite>